2024-10-16 02:48:55,733 - INFO - Title: Unknown, Price: Unavailable, Image URL: N/A
2024-10-16 02:48:55,742 - INFO - Watch data inserted successfully with ID: 103
2024-10-16 02:48:55,746 - INFO - Title: Fossil Nate Men's Watch with Oversized Chronograph Watch Dial and Stainless Steel or Leather Band, Price: 90., Image URL: https://m.media-amazon.com/images/I/71B-vrIIA3L._AC_UL320_.jpg
2024-10-16 02:48:55,747 - INFO - Watch data inserted successfully with ID: 104
2024-10-16 02:48:55,752 - INFO - Title: Fossil Grant Men's Watch with Chronograph or Automatic Display and Genuine Leather or Stainless Steel Band, Price: 80., Image URL: https://m.media-amazon.com/images/I/818lBoWqXtL._AC_UL320_.jpg
2024-10-16 02:48:55,754 - INFO - Watch data inserted successfully with ID: 105
2024-10-16 02:48:55,762 - INFO - Title: Fossil Men's Coachman Quartz Stainless Steel and Leather Chronograph Watch, Color: Silver, Brown (Model: CH2891), Price: 101., Image URL: https://m.media-amazon.com/images/I/71taSx89wUL._AC_UL320_.jpg
2024-10-16 02:48:55,764 - INFO - Watch data inserted successfully with ID: 106
2024-10-16 02:48:55,770 - INFO - Title: Fossil Dean Men's Dress Watch with Chronograph Display and Stainless Steel Bracelet Band, Price: 90., Image URL: https://m.media-amazon.com/images/I/71QoSMBhfVL._AC_UL320_.jpg
2024-10-16 02:48:55,771 - INFO - Watch data inserted successfully with ID: 107
2024-10-16 02:48:55,779 - INFO - Title: Fossil Coachman Men's Watch with Genuine Leather Bracelet Cuff, Price: 95., Image URL: https://m.media-amazon.com/images/I/71MlmOso55L._AC_UL320_.jpg
2024-10-16 02:48:55,780 - INFO - Watch data inserted successfully with ID: 108
2024-10-16 02:48:55,784 - INFO - Title: Fossil Men's Gen 6 44mm Stainless Steel and Silicone Touchscreen Smart Watch, Color: Black (Model: FTW4061V), Price: 148., Image URL: https://m.media-amazon.com/images/I/71DP0v5VqhL._AC_UL320_.jpg
2024-10-16 02:48:55,786 - INFO - Watch data inserted successfully with ID: 109
2024-10-16 02:48:55,795 - INFO - Title: Fossil Everett Men's Watch with Stainless Steel or Leather Band, Price: 112., Image URL: https://m.media-amazon.com/images/I/71E55PTUpaL._AC_UL320_.jpg
2024-10-16 02:48:55,796 - INFO - Watch data inserted successfully with ID: 110
2024-10-16 02:48:55,801 - INFO - Title: Fossil Copeland Men's Watch with Slim Case and Genuine Leather Band, Price: 93., Image URL: https://m.media-amazon.com/images/I/71aI-8Qfb7L._AC_UL320_.jpg
2024-10-16 02:48:55,802 - INFO - Watch data inserted successfully with ID: 111
2024-10-16 02:48:55,809 - INFO - Title: Fossil Machine Men's Watch with Stainless Steel or Leather Band, Chronograph or Analog Watch Display, Price: 126., Image URL: https://m.media-amazon.com/images/I/81q-emU4uFS._AC_UL320_.jpg
2024-10-16 02:48:55,810 - INFO - Watch data inserted successfully with ID: 112
2024-10-16 02:48:55,815 - INFO - Title: Fossil Townsman Men's Automatic Watch with Mechanical Movement and Skeleton Dial, Price: 168., Image URL: https://m.media-amazon.com/images/I/711Fz-mfHfL._AC_UL320_.jpg
2024-10-16 02:48:55,816 - INFO - Watch data inserted successfully with ID: 113
2024-10-16 02:48:55,825 - INFO - Title: Fossil Minimalist Men's Watch with Leather or Stainless Steel Band, Chronograph or Analog Watch Display with Slim Case Design, Price: 91., Image URL: https://m.media-amazon.com/images/I/71Gofe+KvnL._AC_UL320_.jpg
2024-10-16 02:48:55,827 - INFO - Watch data inserted successfully with ID: 114
2024-10-16 02:48:55,833 - INFO - Title: Fossil Women's Gen 6 42mm Stainless Steel Touchscreen Smart Watch, Color: Rose Gold, Gunmetal (Model: FTW6078V), Price: 158., Image URL: https://m.media-amazon.com/images/I/71vn7fm3j4L._AC_UL320_.jpg
2024-10-16 02:48:55,835 - INFO - Watch data inserted successfully with ID: 115
2024-10-16 02:48:55,844 - INFO - Title: Fossil Townsman Men's Watch with Chronograph Display and Genuine Leather Band, Price: 120., Image URL: https://m.media-amazon.com/images/I/71ZhyLfIdgL._AC_UL320_.jpg
2024-10-16 02:48:55,845 - INFO - Watch data inserted successfully with ID: 116
2024-10-16 02:48:55,855 - INFO - Title: Fossil Carraway Men's Watch with Stainless Steel or Leather Band, Dress Watch for Men, Price: 170., Image URL: https://m.media-amazon.com/images/I/61vOj7I4ycL._AC_UL320_.jpg
2024-10-16 02:48:55,858 - INFO - Watch data inserted successfully with ID: 117
2024-10-16 02:48:55,865 - INFO - Title: Fossil Neutra Men's Chronograph Watch with Stainless Steel Bracelet or Genuine Leather Band, Price: 107., Image URL: https://m.media-amazon.com/images/I/71XYBo0llVL._AC_UL320_.jpg
2024-10-16 02:48:55,867 - INFO - Watch data inserted successfully with ID: 118
2024-10-16 02:48:55,876 - INFO - Title: Fossil Men's Sports Watch with Stainless Steel, Silicone, or Leather Band, Price: 195., Image URL: https://m.media-amazon.com/images/I/71jUDJjHBBL._AC_UL320_.jpg
2024-10-16 02:48:55,878 - INFO - Watch data inserted successfully with ID: 119
2024-10-16 02:48:55,881 - INFO - Title: Fossil Bronson Men's Watch with Stainless Steel Bracelet or Genuine Leather Band, Chronograph or Three-Hand Analog Display, Price: 100., Image URL: https://m.media-amazon.com/images/I/81DAO+21SuL._AC_UL320_.jpg
2024-10-16 02:48:55,883 - INFO - Watch data inserted successfully with ID: 120
2024-10-16 02:48:55,888 - INFO - Title: Fossil Everett Men's Automatic Watch with Mechanical Movement and Skeleton Dial, Price: 270., Image URL: https://m.media-amazon.com/images/I/718lwi0xfhL._AC_UL320_.jpg
2024-10-16 02:48:55,891 - INFO - Watch data inserted successfully with ID: 121
2024-10-16 02:48:55,895 - INFO - Title: Fossil Neutra Men's Automatic Watch with Mechanical Movement and Skeleton Dial, Price: 260., Image URL: https://m.media-amazon.com/images/I/718oG0y5SdL._AC_UL320_.jpg
2024-10-16 02:48:55,897 - INFO - Watch data inserted successfully with ID: 122
2024-10-16 02:48:55,901 - INFO - Title: Fossil Defender Men's Solar-Powered Stainless Steel Watch, Price: 136., Image URL: https://m.media-amazon.com/images/I/61rPEH8CitL._AC_UL320_.jpg
2024-10-16 02:48:55,903 - INFO - Watch data inserted successfully with ID: 123
2024-10-16 02:48:55,909 - INFO - Title: Fossil Stainless Steel Interchangeable Watch Band Strap, Price: 35., Image URL: https://m.media-amazon.com/images/I/71cjUkMVoNL._AC_UL320_.jpg
2024-10-16 02:48:55,911 - INFO - Watch data inserted successfully with ID: 124
2024-10-16 02:48:55,917 - INFO - Title: Fossil Inscription Men's Watch with Square Case and Stainless Steel, Silicone or Leather Band, Price: 117., Image URL: https://m.media-amazon.com/images/I/71K2Mdb8pFL._AC_UL320_.jpg
2024-10-16 02:48:55,919 - INFO - Watch data inserted successfully with ID: 125
2024-10-16 02:48:55,927 - INFO - Title: Fossil Men's Gen 6 44mm Stainless Steel and Cork Touchscreen Smart Watch, Stainless steel, Color: Black, Camo (Model: FTW4063V), Price: 174., Image URL: https://m.media-amazon.com/images/I/71j0W3Y0YUL._AC_UL320_.jpg
2024-10-16 02:48:55,928 - INFO - Watch data inserted successfully with ID: 126
2024-10-16 02:48:55,934 - INFO - Title: Fossil Silicone or Leather Interchangeable Watch Band Strap with Stainless Steel Buckle Closure, Price: 30., Image URL: https://m.media-amazon.com/images/I/61r-ZBUoWML._AC_UL320_.jpg
2024-10-16 02:48:55,936 - INFO - Watch data inserted successfully with ID: 127
2024-10-16 02:48:55,946 - INFO - Title: Fossil Smart Watch Rapid Charger - Gen 6 Touchscreen, Gen 6 Wellness Edition Touchscreen Smart Watch Charger, Color: White (Model: FTW0006), Price: 14., Image URL: https://m.media-amazon.com/images/I/615W3r1V2XL._AC_UL320_.jpg
2024-10-16 02:48:55,948 - INFO - Watch data inserted successfully with ID: 128
2024-10-16 02:48:55,951 - INFO - Title: Fossil Men's Everett Automatic Silver Stainless Steel and Brown Leather Band Watch (Model: ME3261), Price: 250., Image URL: https://m.media-amazon.com/images/I/71QQ2CVuxPL._AC_UL320_.jpg
2024-10-16 02:48:55,953 - INFO - Watch data inserted successfully with ID: 129
2024-10-16 02:48:55,963 - INFO - Title: Fossil Watch Band for Apple Watch, Band for 42/44/45/49mm Apple Watch - Straps for Apple Watch Series 8/7/6/5/4/3/2/1/SE, Price: 45., Image URL: https://m.media-amazon.com/images/I/71mc3hWfyjL._AC_UL320_.jpg
2024-10-16 02:48:55,965 - INFO - Watch data inserted successfully with ID: 130
2024-10-16 02:48:55,970 - INFO - Title: Fossil Men's Heritage Automatic Silver Stainless Steel Bracelet Watch (Model: ME3262), Price: 206., Image URL: https://m.media-amazon.com/images/I/71DG7DxAghL._AC_UL320_.jpg
2024-10-16 02:48:55,972 - INFO - Watch data inserted successfully with ID: 131
2024-10-16 02:48:55,979 - INFO - Title: Fossil Men's Everett Solar-Powered Stainless Steel Digital Watch, Price: 131., Image URL: https://m.media-amazon.com/images/I/510p7h+bCHL._AC_UL320_.jpg
2024-10-16 02:48:55,981 - INFO - Watch data inserted successfully with ID: 132
2024-10-16 02:48:55,991 - INFO - Title: Fossil Men's Heritage Automatic Silver Stainless Steel and Brown Leather Band Watch (Model: ME3263), Price: 280., Image URL: https://m.media-amazon.com/images/I/71TpGW3LeqL._AC_UL320_.jpg
2024-10-16 02:48:55,993 - INFO - Watch data inserted successfully with ID: 133
2024-10-16 02:48:55,997 - INFO - Title: Fossil Men's Heritage Automatic Silver Stainless Steel and Brown Leather Band Watch (Model: ME3264), Price: 280., Image URL: https://m.media-amazon.com/images/I/711-slRbn8L._AC_UL320_.jpg
2024-10-16 02:48:55,998 - INFO - Watch data inserted successfully with ID: 134
2024-10-16 02:48:56,002 - INFO - Title: 48mm Flynn Automatic Gunmetal Stainless Steel Watch, Price: Unavailable, Image URL: https://m.media-amazon.com/images/I/81bFXWeuKVL._AC_UL320_.jpg
2024-10-16 02:48:56,003 - INFO - Watch data inserted successfully with ID: 135
2024-10-16 02:48:56,008 - INFO - Title: Unknown, Price: Unavailable, Image URL: N/A
2024-10-16 02:48:56,010 - INFO - Watch data inserted successfully with ID: 136
2024-10-16 02:52:01,874 - INFO - Title: Unknown, Price: Unavailable, Image URL: N/A
2024-10-16 02:52:01,879 - INFO - Watch data inserted successfully with ID: 137
2024-10-16 02:52:01,888 - INFO - Title: Fossil Nate Men's Watch with Oversized Chronograph Watch Dial and Stainless Steel or Leather Band, Price: 90., Image URL: https://m.media-amazon.com/images/I/71B-vrIIA3L._AC_UL320_.jpg
2024-10-16 02:52:01,889 - INFO - Watch data inserted successfully with ID: 138
2024-10-16 02:52:01,907 - INFO - Title: Fossil Grant Men's Watch with Chronograph or Automatic Display and Genuine Leather or Stainless Steel Band, Price: 80., Image URL: https://m.media-amazon.com/images/I/818lBoWqXtL._AC_UL320_.jpg
2024-10-16 02:52:01,909 - INFO - Watch data inserted successfully with ID: 139
2024-10-16 02:52:01,920 - INFO - Title: Fossil Men's Coachman Quartz Stainless Steel and Leather Chronograph Watch, Color: Silver, Brown (Model: CH2891), Price: 101., Image URL: https://m.media-amazon.com/images/I/71taSx89wUL._AC_UL320_.jpg
2024-10-16 02:52:01,921 - INFO - Watch data inserted successfully with ID: 140
2024-10-16 02:52:01,935 - INFO - Title: Fossil Dean Men's Dress Watch with Chronograph Display and Stainless Steel Bracelet Band, Price: 90., Image URL: https://m.media-amazon.com/images/I/71QoSMBhfVL._AC_UL320_.jpg
2024-10-16 02:52:01,937 - INFO - Watch data inserted successfully with ID: 141
2024-10-16 02:52:01,951 - INFO - Title: Fossil Coachman Men's Watch with Genuine Leather Bracelet Cuff, Price: 95., Image URL: https://m.media-amazon.com/images/I/71MlmOso55L._AC_UL320_.jpg
2024-10-16 02:52:01,953 - INFO - Watch data inserted successfully with ID: 142
2024-10-16 02:52:01,970 - INFO - Title: Fossil Men's Gen 6 44mm Stainless Steel and Silicone Touchscreen Smart Watch, Color: Black (Model: FTW4061V), Price: 148., Image URL: https://m.media-amazon.com/images/I/71DP0v5VqhL._AC_UL320_.jpg
2024-10-16 02:52:01,972 - INFO - Watch data inserted successfully with ID: 143
2024-10-16 02:52:01,983 - INFO - Title: Fossil Everett Men's Watch with Stainless Steel or Leather Band, Price: 112., Image URL: https://m.media-amazon.com/images/I/71E55PTUpaL._AC_UL320_.jpg
2024-10-16 02:52:01,986 - INFO - Watch data inserted successfully with ID: 144
2024-10-16 02:52:02,009 - INFO - Title: Fossil Copeland Men's Watch with Slim Case and Genuine Leather Band, Price: 93., Image URL: https://m.media-amazon.com/images/I/71aI-8Qfb7L._AC_UL320_.jpg
2024-10-16 02:52:02,011 - INFO - Watch data inserted successfully with ID: 145
2024-10-16 02:52:02,028 - INFO - Title: Fossil Machine Men's Watch with Stainless Steel or Leather Band, Chronograph or Analog Watch Display, Price: 126., Image URL: https://m.media-amazon.com/images/I/81q-emU4uFS._AC_UL320_.jpg
2024-10-16 02:52:02,029 - INFO - Watch data inserted successfully with ID: 146
2024-10-16 02:52:02,061 - INFO - Title: Fossil Townsman Men's Automatic Watch with Mechanical Movement and Skeleton Dial, Price: 168., Image URL: https://m.media-amazon.com/images/I/711Fz-mfHfL._AC_UL320_.jpg
2024-10-16 02:52:02,063 - INFO - Watch data inserted successfully with ID: 147
2024-10-16 02:52:02,092 - INFO - Title: Fossil Minimalist Men's Watch with Leather or Stainless Steel Band, Chronograph or Analog Watch Display with Slim Case Design, Price: 91., Image URL: https://m.media-amazon.com/images/I/71Gofe+KvnL._AC_UL320_.jpg
2024-10-16 02:52:02,093 - INFO - Watch data inserted successfully with ID: 148
2024-10-16 02:52:02,119 - INFO - Title: Fossil Women's Gen 6 42mm Stainless Steel Touchscreen Smart Watch, Color: Rose Gold, Gunmetal (Model: FTW6078V), Price: 158., Image URL: https://m.media-amazon.com/images/I/71vn7fm3j4L._AC_UL320_.jpg
2024-10-16 02:52:02,123 - INFO - Watch data inserted successfully with ID: 149
2024-10-16 02:52:02,139 - INFO - Title: Fossil Townsman Men's Watch with Chronograph Display and Genuine Leather Band, Price: 120., Image URL: https://m.media-amazon.com/images/I/71ZhyLfIdgL._AC_UL320_.jpg
2024-10-16 02:52:02,141 - INFO - Watch data inserted successfully with ID: 150
2024-10-16 02:52:02,176 - INFO - Title: Fossil Carraway Men's Watch with Stainless Steel or Leather Band, Dress Watch for Men, Price: 170., Image URL: https://m.media-amazon.com/images/I/61vOj7I4ycL._AC_UL320_.jpg
2024-10-16 02:52:02,182 - INFO - Watch data inserted successfully with ID: 151
2024-10-16 02:52:02,208 - INFO - Title: Fossil Neutra Men's Chronograph Watch with Stainless Steel Bracelet or Genuine Leather Band, Price: 107., Image URL: https://m.media-amazon.com/images/I/71XYBo0llVL._AC_UL320_.jpg
2024-10-16 02:52:02,210 - INFO - Watch data inserted successfully with ID: 152
2024-10-16 02:52:02,227 - INFO - Title: Fossil Men's Sports Watch with Stainless Steel, Silicone, or Leather Band, Price: 195., Image URL: https://m.media-amazon.com/images/I/71jUDJjHBBL._AC_UL320_.jpg
2024-10-16 02:52:02,228 - INFO - Watch data inserted successfully with ID: 153
2024-10-16 02:52:02,245 - INFO - Title: Fossil Bronson Men's Watch with Stainless Steel Bracelet or Genuine Leather Band, Chronograph or Three-Hand Analog Display, Price: 100., Image URL: https://m.media-amazon.com/images/I/81DAO+21SuL._AC_UL320_.jpg
2024-10-16 02:52:02,249 - INFO - Watch data inserted successfully with ID: 154
2024-10-16 02:52:02,266 - INFO - Title: Fossil Everett Men's Automatic Watch with Mechanical Movement and Skeleton Dial, Price: 270., Image URL: https://m.media-amazon.com/images/I/718lwi0xfhL._AC_UL320_.jpg
2024-10-16 02:52:02,270 - INFO - Watch data inserted successfully with ID: 155
2024-10-16 02:52:02,284 - INFO - Title: Fossil Neutra Men's Automatic Watch with Mechanical Movement and Skeleton Dial, Price: 260., Image URL: https://m.media-amazon.com/images/I/718oG0y5SdL._AC_UL320_.jpg
2024-10-16 02:52:02,287 - INFO - Watch data inserted successfully with ID: 156
2024-10-16 02:52:02,298 - INFO - Title: Fossil Defender Men's Solar-Powered Stainless Steel Watch, Price: 136., Image URL: https://m.media-amazon.com/images/I/61rPEH8CitL._AC_UL320_.jpg
2024-10-16 02:52:02,302 - INFO - Watch data inserted successfully with ID: 157
2024-10-16 02:52:02,313 - INFO - Title: Fossil Stainless Steel Interchangeable Watch Band Strap, Price: 35., Image URL: https://m.media-amazon.com/images/I/71cjUkMVoNL._AC_UL320_.jpg
2024-10-16 02:52:02,315 - INFO - Watch data inserted successfully with ID: 158
2024-10-16 02:52:02,328 - INFO - Title: Fossil Inscription Men's Watch with Square Case and Stainless Steel, Silicone or Leather Band, Price: 117., Image URL: https://m.media-amazon.com/images/I/71K2Mdb8pFL._AC_UL320_.jpg
2024-10-16 02:52:02,331 - INFO - Watch data inserted successfully with ID: 159
2024-10-16 02:52:02,348 - INFO - Title: Fossil Men's Gen 6 44mm Stainless Steel and Cork Touchscreen Smart Watch, Stainless steel, Color: Black, Camo (Model: FTW4063V), Price: 174., Image URL: https://m.media-amazon.com/images/I/71j0W3Y0YUL._AC_UL320_.jpg
2024-10-16 02:52:02,349 - INFO - Watch data inserted successfully with ID: 160
2024-10-16 02:52:02,358 - INFO - Title: Fossil Silicone or Leather Interchangeable Watch Band Strap with Stainless Steel Buckle Closure, Price: 30., Image URL: https://m.media-amazon.com/images/I/61r-ZBUoWML._AC_UL320_.jpg
2024-10-16 02:52:02,359 - INFO - Watch data inserted successfully with ID: 161
2024-10-16 02:52:02,371 - INFO - Title: Fossil Smart Watch Rapid Charger - Gen 6 Touchscreen, Gen 6 Wellness Edition Touchscreen Smart Watch Charger, Color: White (Model: FTW0006), Price: 14., Image URL: https://m.media-amazon.com/images/I/615W3r1V2XL._AC_UL320_.jpg
2024-10-16 02:52:02,372 - INFO - Watch data inserted successfully with ID: 162
2024-10-16 02:52:02,378 - INFO - Title: Fossil Men's Everett Automatic Silver Stainless Steel and Brown Leather Band Watch (Model: ME3261), Price: 250., Image URL: https://m.media-amazon.com/images/I/71QQ2CVuxPL._AC_UL320_.jpg
2024-10-16 02:52:02,380 - INFO - Watch data inserted successfully with ID: 163
2024-10-16 02:52:02,391 - INFO - Title: Fossil Watch Band for Apple Watch, Band for 42/44/45/49mm Apple Watch - Straps for Apple Watch Series 8/7/6/5/4/3/2/1/SE, Price: 45., Image URL: https://m.media-amazon.com/images/I/71mc3hWfyjL._AC_UL320_.jpg
2024-10-16 02:52:02,392 - INFO - Watch data inserted successfully with ID: 164
2024-10-16 02:52:02,402 - INFO - Title: Fossil Men's Heritage Automatic Silver Stainless Steel Bracelet Watch (Model: ME3262), Price: 206., Image URL: https://m.media-amazon.com/images/I/71DG7DxAghL._AC_UL320_.jpg
2024-10-16 02:52:02,403 - INFO - Watch data inserted successfully with ID: 165
2024-10-16 02:52:02,409 - INFO - Title: Fossil Men's Everett Solar-Powered Stainless Steel Digital Watch, Price: 131., Image URL: https://m.media-amazon.com/images/I/510p7h+bCHL._AC_UL320_.jpg
2024-10-16 02:52:02,411 - INFO - Watch data inserted successfully with ID: 166
2024-10-16 02:52:02,420 - INFO - Title: Fossil Men's Heritage Automatic Silver Stainless Steel and Brown Leather Band Watch (Model: ME3263), Price: 280., Image URL: https://m.media-amazon.com/images/I/71TpGW3LeqL._AC_UL320_.jpg
2024-10-16 02:52:02,421 - INFO - Watch data inserted successfully with ID: 167
2024-10-16 02:52:02,425 - INFO - Title: Fossil Men's Heritage Automatic Silver Stainless Steel and Brown Leather Band Watch (Model: ME3264), Price: 280., Image URL: https://m.media-amazon.com/images/I/711-slRbn8L._AC_UL320_.jpg
2024-10-16 02:52:02,427 - INFO - Watch data inserted successfully with ID: 168
2024-10-16 02:52:02,431 - INFO - Title: 48mm Flynn Automatic Gunmetal Stainless Steel Watch, Price: Unavailable, Image URL: https://m.media-amazon.com/images/I/81bFXWeuKVL._AC_UL320_.jpg
2024-10-16 02:52:02,432 - INFO - Watch data inserted successfully with ID: 169
2024-10-16 02:52:02,435 - INFO - Title: Unknown, Price: Unavailable, Image URL: N/A
2024-10-16 02:52:02,436 - INFO - Watch data inserted successfully with ID: 170
2024-10-16 02:54:48,988 - INFO - Title: Unknown, Price: Unavailable, Image URL: N/A
2024-10-16 02:54:48,995 - INFO - Watch data inserted successfully with ID: 171
2024-10-16 02:54:48,996 - ERROR - Error inserting watch data: local variable 'rating_element' referenced before assignment
2024-10-16 02:54:49,000 - INFO - Title: Fossil Nate Men's Watch with Oversized Chronograph Watch Dial and Stainless Steel or Leather Band, Price: 90., Image URL: https://m.media-amazon.com/images/I/71B-vrIIA3L._AC_UL320_.jpg
2024-10-16 02:54:49,002 - INFO - Watch data inserted successfully with ID: 172
2024-10-16 02:54:49,006 - ERROR - Error inserting watch data: local variable 'rating_element' referenced before assignment
2024-10-16 02:54:49,011 - INFO - Title: Fossil Grant Men's Watch with Chronograph or Automatic Display and Genuine Leather or Stainless Steel Band, Price: 80., Image URL: https://m.media-amazon.com/images/I/818lBoWqXtL._AC_UL320_.jpg
2024-10-16 02:54:49,014 - INFO - Watch data inserted successfully with ID: 173
2024-10-16 02:54:49,016 - ERROR - Error inserting watch data: local variable 'rating_element' referenced before assignment
2024-10-16 02:54:49,020 - INFO - Title: Fossil Men's Coachman Quartz Stainless Steel and Leather Chronograph Watch, Color: Silver, Brown (Model: CH2891), Price: 101., Image URL: https://m.media-amazon.com/images/I/71taSx89wUL._AC_UL320_.jpg
2024-10-16 02:54:49,022 - INFO - Watch data inserted successfully with ID: 174
2024-10-16 02:54:49,027 - ERROR - Error inserting watch data: local variable 'rating_element' referenced before assignment
2024-10-16 02:54:49,030 - INFO - Title: Fossil Dean Men's Dress Watch with Chronograph Display and Stainless Steel Bracelet Band, Price: 90., Image URL: https://m.media-amazon.com/images/I/71QoSMBhfVL._AC_UL320_.jpg
2024-10-16 02:54:49,032 - INFO - Watch data inserted successfully with ID: 175
2024-10-16 02:54:49,035 - ERROR - Error inserting watch data: local variable 'rating_element' referenced before assignment
2024-10-16 02:54:49,041 - INFO - Title: Fossil Coachman Men's Watch with Genuine Leather Bracelet Cuff, Price: 95., Image URL: https://m.media-amazon.com/images/I/71MlmOso55L._AC_UL320_.jpg
2024-10-16 02:54:49,043 - INFO - Watch data inserted successfully with ID: 176
2024-10-16 02:54:49,048 - ERROR - Error inserting watch data: local variable 'rating_element' referenced before assignment
2024-10-16 02:54:49,054 - INFO - Title: Fossil Men's Gen 6 44mm Stainless Steel and Silicone Touchscreen Smart Watch, Color: Black (Model: FTW4061V), Price: 148., Image URL: https://m.media-amazon.com/images/I/71DP0v5VqhL._AC_UL320_.jpg
2024-10-16 02:54:49,056 - INFO - Watch data inserted successfully with ID: 177
2024-10-16 02:54:49,062 - ERROR - Error inserting watch data: local variable 'rating_element' referenced before assignment
2024-10-16 02:54:49,065 - INFO - Title: Fossil Everett Men's Watch with Stainless Steel or Leather Band, Price: 112., Image URL: https://m.media-amazon.com/images/I/71E55PTUpaL._AC_UL320_.jpg
2024-10-16 02:54:49,067 - INFO - Watch data inserted successfully with ID: 178
2024-10-16 02:54:49,070 - ERROR - Error inserting watch data: local variable 'rating_element' referenced before assignment
2024-10-16 02:54:49,073 - INFO - Title: Fossil Copeland Men's Watch with Slim Case and Genuine Leather Band, Price: 93., Image URL: https://m.media-amazon.com/images/I/71aI-8Qfb7L._AC_UL320_.jpg
2024-10-16 02:54:49,074 - INFO - Watch data inserted successfully with ID: 179
2024-10-16 02:54:49,079 - ERROR - Error inserting watch data: local variable 'rating_element' referenced before assignment
2024-10-16 02:54:49,082 - INFO - Title: Fossil Machine Men's Watch with Stainless Steel or Leather Band, Chronograph or Analog Watch Display, Price: 126., Image URL: https://m.media-amazon.com/images/I/81q-emU4uFS._AC_UL320_.jpg
2024-10-16 02:54:49,083 - INFO - Watch data inserted successfully with ID: 180
2024-10-16 02:54:49,086 - ERROR - Error inserting watch data: local variable 'rating_element' referenced before assignment
2024-10-16 02:54:49,089 - INFO - Title: Fossil Townsman Men's Automatic Watch with Mechanical Movement and Skeleton Dial, Price: 168., Image URL: https://m.media-amazon.com/images/I/711Fz-mfHfL._AC_UL320_.jpg
2024-10-16 02:54:49,091 - INFO - Watch data inserted successfully with ID: 181
2024-10-16 02:54:49,095 - ERROR - Error inserting watch data: local variable 'rating_element' referenced before assignment
2024-10-16 02:54:49,098 - INFO - Title: Fossil Minimalist Men's Watch with Leather or Stainless Steel Band, Chronograph or Analog Watch Display with Slim Case Design, Price: 91., Image URL: https://m.media-amazon.com/images/I/71Gofe+KvnL._AC_UL320_.jpg
2024-10-16 02:54:49,099 - INFO - Watch data inserted successfully with ID: 182
2024-10-16 02:54:49,102 - ERROR - Error inserting watch data: local variable 'rating_element' referenced before assignment
2024-10-16 02:54:49,106 - INFO - Title: Fossil Women's Gen 6 42mm Stainless Steel Touchscreen Smart Watch, Color: Rose Gold, Gunmetal (Model: FTW6078V), Price: 158., Image URL: https://m.media-amazon.com/images/I/71vn7fm3j4L._AC_UL320_.jpg
2024-10-16 02:54:49,107 - INFO - Watch data inserted successfully with ID: 183
2024-10-16 02:54:49,112 - ERROR - Error inserting watch data: local variable 'rating_element' referenced before assignment
2024-10-16 02:54:49,115 - INFO - Title: Fossil Townsman Men's Watch with Chronograph Display and Genuine Leather Band, Price: 120., Image URL: https://m.media-amazon.com/images/I/71ZhyLfIdgL._AC_UL320_.jpg
2024-10-16 02:54:49,117 - INFO - Watch data inserted successfully with ID: 184
2024-10-16 02:54:49,120 - ERROR - Error inserting watch data: local variable 'rating_element' referenced before assignment
2024-10-16 02:54:49,126 - INFO - Title: Fossil Carraway Men's Watch with Stainless Steel or Leather Band, Dress Watch for Men, Price: 170., Image URL: https://m.media-amazon.com/images/I/61vOj7I4ycL._AC_UL320_.jpg
2024-10-16 02:54:49,129 - INFO - Watch data inserted successfully with ID: 185
2024-10-16 02:54:49,133 - ERROR - Error inserting watch data: local variable 'rating_element' referenced before assignment
2024-10-16 02:54:49,136 - INFO - Title: Fossil Neutra Men's Chronograph Watch with Stainless Steel Bracelet or Genuine Leather Band, Price: 107., Image URL: https://m.media-amazon.com/images/I/71XYBo0llVL._AC_UL320_.jpg
2024-10-16 02:54:49,138 - INFO - Watch data inserted successfully with ID: 186
2024-10-16 02:54:49,140 - ERROR - Error inserting watch data: local variable 'rating_element' referenced before assignment
2024-10-16 02:54:49,145 - INFO - Title: Fossil Men's Sports Watch with Stainless Steel, Silicone, or Leather Band, Price: 195., Image URL: https://m.media-amazon.com/images/I/71jUDJjHBBL._AC_UL320_.jpg
2024-10-16 02:54:49,146 - INFO - Watch data inserted successfully with ID: 187
2024-10-16 02:54:49,149 - ERROR - Error inserting watch data: local variable 'rating_element' referenced before assignment
2024-10-16 02:54:49,152 - INFO - Title: Fossil Bronson Men's Watch with Stainless Steel Bracelet or Genuine Leather Band, Chronograph or Three-Hand Analog Display, Price: 100., Image URL: https://m.media-amazon.com/images/I/81DAO+21SuL._AC_UL320_.jpg
2024-10-16 02:54:49,154 - INFO - Watch data inserted successfully with ID: 188
2024-10-16 02:54:49,156 - ERROR - Error inserting watch data: local variable 'rating_element' referenced before assignment
2024-10-16 02:54:49,162 - INFO - Title: Fossil Everett Men's Automatic Watch with Mechanical Movement and Skeleton Dial, Price: 270., Image URL: https://m.media-amazon.com/images/I/718lwi0xfhL._AC_UL320_.jpg
2024-10-16 02:54:49,164 - INFO - Watch data inserted successfully with ID: 189
2024-10-16 02:54:49,168 - ERROR - Error inserting watch data: local variable 'rating_element' referenced before assignment
2024-10-16 02:54:49,171 - INFO - Title: Fossil Neutra Men's Automatic Watch with Mechanical Movement and Skeleton Dial, Price: 260., Image URL: https://m.media-amazon.com/images/I/718oG0y5SdL._AC_UL320_.jpg
2024-10-16 02:54:49,172 - INFO - Watch data inserted successfully with ID: 190
2024-10-16 02:54:49,177 - ERROR - Error inserting watch data: local variable 'rating_element' referenced before assignment
2024-10-16 02:54:49,180 - INFO - Title: Fossil Defender Men's Solar-Powered Stainless Steel Watch, Price: 136., Image URL: https://m.media-amazon.com/images/I/61rPEH8CitL._AC_UL320_.jpg
2024-10-16 02:54:49,182 - INFO - Watch data inserted successfully with ID: 191
2024-10-16 02:54:49,184 - ERROR - Error inserting watch data: local variable 'rating_element' referenced before assignment
2024-10-16 02:54:49,188 - INFO - Title: Fossil Stainless Steel Interchangeable Watch Band Strap, Price: 35., Image URL: https://m.media-amazon.com/images/I/71cjUkMVoNL._AC_UL320_.jpg
2024-10-16 02:54:49,190 - INFO - Watch data inserted successfully with ID: 192
2024-10-16 02:54:49,194 - ERROR - Error inserting watch data: local variable 'rating_element' referenced before assignment
2024-10-16 02:54:49,196 - INFO - Title: Fossil Inscription Men's Watch with Square Case and Stainless Steel, Silicone or Leather Band, Price: 117., Image URL: https://m.media-amazon.com/images/I/71K2Mdb8pFL._AC_UL320_.jpg
2024-10-16 02:54:49,198 - INFO - Watch data inserted successfully with ID: 193
2024-10-16 02:54:49,200 - ERROR - Error inserting watch data: local variable 'rating_element' referenced before assignment
2024-10-16 02:54:49,202 - INFO - Title: Fossil Men's Gen 6 44mm Stainless Steel and Cork Touchscreen Smart Watch, Stainless steel, Color: Black, Camo (Model: FTW4063V), Price: 174., Image URL: https://m.media-amazon.com/images/I/71j0W3Y0YUL._AC_UL320_.jpg
2024-10-16 02:54:49,203 - INFO - Watch data inserted successfully with ID: 194
2024-10-16 02:54:49,205 - ERROR - Error inserting watch data: local variable 'rating_element' referenced before assignment
2024-10-16 02:54:49,207 - INFO - Title: Fossil Silicone or Leather Interchangeable Watch Band Strap with Stainless Steel Buckle Closure, Price: 30., Image URL: https://m.media-amazon.com/images/I/61r-ZBUoWML._AC_UL320_.jpg
2024-10-16 02:54:49,209 - INFO - Watch data inserted successfully with ID: 195
2024-10-16 02:54:49,213 - ERROR - Error inserting watch data: local variable 'rating_element' referenced before assignment
2024-10-16 02:54:49,215 - INFO - Title: Fossil Smart Watch Rapid Charger - Gen 6 Touchscreen, Gen 6 Wellness Edition Touchscreen Smart Watch Charger, Color: White (Model: FTW0006), Price: 14., Image URL: https://m.media-amazon.com/images/I/615W3r1V2XL._AC_UL320_.jpg
2024-10-16 02:54:49,216 - INFO - Watch data inserted successfully with ID: 196
2024-10-16 02:54:49,218 - ERROR - Error inserting watch data: local variable 'rating_element' referenced before assignment
2024-10-16 02:54:49,219 - INFO - Title: Fossil Men's Everett Automatic Silver Stainless Steel and Brown Leather Band Watch (Model: ME3261), Price: 250., Image URL: https://m.media-amazon.com/images/I/71QQ2CVuxPL._AC_UL320_.jpg
2024-10-16 02:54:49,220 - INFO - Watch data inserted successfully with ID: 197
2024-10-16 02:54:49,221 - ERROR - Error inserting watch data: local variable 'rating_element' referenced before assignment
2024-10-16 02:54:49,222 - INFO - Title: Fossil Watch Band for Apple Watch, Band for 42/44/45/49mm Apple Watch - Straps for Apple Watch Series 8/7/6/5/4/3/2/1/SE, Price: 45., Image URL: https://m.media-amazon.com/images/I/71mc3hWfyjL._AC_UL320_.jpg
2024-10-16 02:54:49,223 - INFO - Watch data inserted successfully with ID: 198
2024-10-16 02:54:49,227 - ERROR - Error inserting watch data: local variable 'rating_element' referenced before assignment
2024-10-16 02:54:49,229 - INFO - Title: Fossil Men's Heritage Automatic Silver Stainless Steel Bracelet Watch (Model: ME3262), Price: 206., Image URL: https://m.media-amazon.com/images/I/71DG7DxAghL._AC_UL320_.jpg
2024-10-16 02:54:49,230 - INFO - Watch data inserted successfully with ID: 199
2024-10-16 02:54:49,232 - ERROR - Error inserting watch data: local variable 'rating_element' referenced before assignment
2024-10-16 02:54:49,234 - INFO - Title: Fossil Men's Everett Solar-Powered Stainless Steel Digital Watch, Price: 131., Image URL: https://m.media-amazon.com/images/I/510p7h+bCHL._AC_UL320_.jpg
2024-10-16 02:54:49,235 - INFO - Watch data inserted successfully with ID: 200
2024-10-16 02:54:49,236 - ERROR - Error inserting watch data: local variable 'rating_element' referenced before assignment
2024-10-16 02:54:49,239 - INFO - Title: Fossil Men's Heritage Automatic Silver Stainless Steel and Brown Leather Band Watch (Model: ME3263), Price: 280., Image URL: https://m.media-amazon.com/images/I/71TpGW3LeqL._AC_UL320_.jpg
2024-10-16 02:54:49,239 - INFO - Watch data inserted successfully with ID: 201
2024-10-16 02:54:49,241 - ERROR - Error inserting watch data: local variable 'rating_element' referenced before assignment
2024-10-16 02:54:49,242 - INFO - Title: Fossil Men's Heritage Automatic Silver Stainless Steel and Brown Leather Band Watch (Model: ME3264), Price: 280., Image URL: https://m.media-amazon.com/images/I/711-slRbn8L._AC_UL320_.jpg
2024-10-16 02:54:49,244 - INFO - Watch data inserted successfully with ID: 202
2024-10-16 02:54:49,246 - ERROR - Error inserting watch data: local variable 'rating_element' referenced before assignment
2024-10-16 02:54:49,248 - INFO - Title: 48mm Flynn Automatic Gunmetal Stainless Steel Watch, Price: Unavailable, Image URL: https://m.media-amazon.com/images/I/81bFXWeuKVL._AC_UL320_.jpg
2024-10-16 02:54:49,248 - INFO - Watch data inserted successfully with ID: 203
2024-10-16 02:54:49,248 - ERROR - Error inserting watch data: local variable 'rating_element' referenced before assignment
2024-10-16 02:54:49,249 - INFO - Title: Unknown, Price: Unavailable, Image URL: N/A
2024-10-16 02:54:49,250 - INFO - Watch data inserted successfully with ID: 204
2024-10-16 02:54:49,250 - ERROR - Error inserting watch data: local variable 'rating_element' referenced before assignment
2024-10-16 02:56:05,995 - INFO - Title: Unknown, Price: Unavailable, Image URL: N/A
2024-10-16 02:56:05,999 - INFO - Watch data inserted successfully with ID: 205
2024-10-16 02:56:06,000 - ERROR - Error inserting watch data: local variable 'rating_element' referenced before assignment
2024-10-16 02:56:06,003 - INFO - Title: Fossil Nate Men's Watch with Oversized Chronograph Watch Dial and Stainless Steel or Leather Band, Price: 90., Image URL: https://m.media-amazon.com/images/I/71B-vrIIA3L._AC_UL320_.jpg
2024-10-16 02:56:06,004 - INFO - Watch data inserted successfully with ID: 206
2024-10-16 02:56:06,008 - ERROR - Error inserting watch data: local variable 'rating_element' referenced before assignment
2024-10-16 02:56:06,011 - INFO - Title: Fossil Grant Men's Watch with Chronograph or Automatic Display and Genuine Leather or Stainless Steel Band, Price: 80., Image URL: https://m.media-amazon.com/images/I/818lBoWqXtL._AC_UL320_.jpg
2024-10-16 02:56:06,012 - INFO - Watch data inserted successfully with ID: 207
2024-10-16 02:56:06,014 - ERROR - Error inserting watch data: local variable 'rating_element' referenced before assignment
2024-10-16 02:56:06,018 - INFO - Title: Fossil Men's Coachman Quartz Stainless Steel and Leather Chronograph Watch, Color: Silver, Brown (Model: CH2891), Price: 101., Image URL: https://m.media-amazon.com/images/I/71taSx89wUL._AC_UL320_.jpg
2024-10-16 02:56:06,018 - INFO - Watch data inserted successfully with ID: 208
2024-10-16 02:56:06,022 - ERROR - Error inserting watch data: local variable 'rating_element' referenced before assignment
2024-10-16 02:56:06,026 - INFO - Title: Fossil Dean Men's Dress Watch with Chronograph Display and Stainless Steel Bracelet Band, Price: 90., Image URL: https://m.media-amazon.com/images/I/71QoSMBhfVL._AC_UL320_.jpg
2024-10-16 02:56:06,026 - INFO - Watch data inserted successfully with ID: 209
2024-10-16 02:56:06,029 - ERROR - Error inserting watch data: local variable 'rating_element' referenced before assignment
2024-10-16 02:56:06,032 - INFO - Title: Fossil Coachman Men's Watch with Genuine Leather Bracelet Cuff, Price: 95., Image URL: https://m.media-amazon.com/images/I/71MlmOso55L._AC_UL320_.jpg
2024-10-16 02:56:06,033 - INFO - Watch data inserted successfully with ID: 210
2024-10-16 02:56:06,036 - ERROR - Error inserting watch data: local variable 'rating_element' referenced before assignment
2024-10-16 02:56:06,040 - INFO - Title: Fossil Men's Gen 6 44mm Stainless Steel and Silicone Touchscreen Smart Watch, Color: Black (Model: FTW4061V), Price: 148., Image URL: https://m.media-amazon.com/images/I/71DP0v5VqhL._AC_UL320_.jpg
2024-10-16 02:56:06,041 - INFO - Watch data inserted successfully with ID: 211
2024-10-16 02:56:06,044 - ERROR - Error inserting watch data: local variable 'rating_element' referenced before assignment
2024-10-16 02:56:06,046 - INFO - Title: Fossil Everett Men's Watch with Stainless Steel or Leather Band, Price: 112., Image URL: https://m.media-amazon.com/images/I/71E55PTUpaL._AC_UL320_.jpg
2024-10-16 02:56:06,048 - INFO - Watch data inserted successfully with ID: 212
2024-10-16 02:56:06,051 - ERROR - Error inserting watch data: local variable 'rating_element' referenced before assignment
2024-10-16 02:56:06,054 - INFO - Title: Fossil Copeland Men's Watch with Slim Case and Genuine Leather Band, Price: 93., Image URL: https://m.media-amazon.com/images/I/71aI-8Qfb7L._AC_UL320_.jpg
2024-10-16 02:56:06,056 - INFO - Watch data inserted successfully with ID: 213
2024-10-16 02:56:06,059 - ERROR - Error inserting watch data: local variable 'rating_element' referenced before assignment
2024-10-16 02:56:06,062 - INFO - Title: Fossil Machine Men's Watch with Stainless Steel or Leather Band, Chronograph or Analog Watch Display, Price: 126., Image URL: https://m.media-amazon.com/images/I/81q-emU4uFS._AC_UL320_.jpg
2024-10-16 02:56:06,063 - INFO - Watch data inserted successfully with ID: 214
2024-10-16 02:56:06,065 - ERROR - Error inserting watch data: local variable 'rating_element' referenced before assignment
2024-10-16 02:56:06,067 - INFO - Title: Fossil Townsman Men's Automatic Watch with Mechanical Movement and Skeleton Dial, Price: 168., Image URL: https://m.media-amazon.com/images/I/711Fz-mfHfL._AC_UL320_.jpg
2024-10-16 02:56:06,069 - INFO - Watch data inserted successfully with ID: 215
2024-10-16 02:56:06,071 - ERROR - Error inserting watch data: local variable 'rating_element' referenced before assignment
2024-10-16 02:56:06,074 - INFO - Title: Fossil Minimalist Men's Watch with Leather or Stainless Steel Band, Chronograph or Analog Watch Display with Slim Case Design, Price: 91., Image URL: https://m.media-amazon.com/images/I/71Gofe+KvnL._AC_UL320_.jpg
2024-10-16 02:56:06,075 - INFO - Watch data inserted successfully with ID: 216
2024-10-16 02:56:06,077 - ERROR - Error inserting watch data: local variable 'rating_element' referenced before assignment
2024-10-16 02:56:06,080 - INFO - Title: Fossil Women's Gen 6 42mm Stainless Steel Touchscreen Smart Watch, Color: Rose Gold, Gunmetal (Model: FTW6078V), Price: 158., Image URL: https://m.media-amazon.com/images/I/71vn7fm3j4L._AC_UL320_.jpg
2024-10-16 02:56:06,082 - INFO - Watch data inserted successfully with ID: 217
2024-10-16 02:56:06,085 - ERROR - Error inserting watch data: local variable 'rating_element' referenced before assignment
2024-10-16 02:56:06,088 - INFO - Title: Fossil Townsman Men's Watch with Chronograph Display and Genuine Leather Band, Price: 120., Image URL: https://m.media-amazon.com/images/I/71ZhyLfIdgL._AC_UL320_.jpg
2024-10-16 02:56:06,090 - INFO - Watch data inserted successfully with ID: 218
2024-10-16 02:56:06,092 - ERROR - Error inserting watch data: local variable 'rating_element' referenced before assignment
2024-10-16 02:56:06,096 - INFO - Title: Fossil Carraway Men's Watch with Stainless Steel or Leather Band, Dress Watch for Men, Price: 170., Image URL: https://m.media-amazon.com/images/I/61vOj7I4ycL._AC_UL320_.jpg
2024-10-16 02:56:06,096 - INFO - Watch data inserted successfully with ID: 219
2024-10-16 02:56:06,100 - ERROR - Error inserting watch data: local variable 'rating_element' referenced before assignment
2024-10-16 02:56:06,102 - INFO - Title: Fossil Neutra Men's Chronograph Watch with Stainless Steel Bracelet or Genuine Leather Band, Price: 107., Image URL: https://m.media-amazon.com/images/I/71XYBo0llVL._AC_UL320_.jpg
2024-10-16 02:56:06,103 - INFO - Watch data inserted successfully with ID: 220
2024-10-16 02:56:06,105 - ERROR - Error inserting watch data: local variable 'rating_element' referenced before assignment
2024-10-16 02:56:06,108 - INFO - Title: Fossil Men's Sports Watch with Stainless Steel, Silicone, or Leather Band, Price: 195., Image URL: https://m.media-amazon.com/images/I/71jUDJjHBBL._AC_UL320_.jpg
2024-10-16 02:56:06,109 - INFO - Watch data inserted successfully with ID: 221
2024-10-16 02:56:06,111 - ERROR - Error inserting watch data: local variable 'rating_element' referenced before assignment
2024-10-16 02:56:06,113 - INFO - Title: Fossil Bronson Men's Watch with Stainless Steel Bracelet or Genuine Leather Band, Chronograph or Three-Hand Analog Display, Price: 100., Image URL: https://m.media-amazon.com/images/I/81DAO+21SuL._AC_UL320_.jpg
2024-10-16 02:56:06,113 - INFO - Watch data inserted successfully with ID: 222
2024-10-16 02:56:06,116 - ERROR - Error inserting watch data: local variable 'rating_element' referenced before assignment
2024-10-16 02:56:06,117 - INFO - Title: Fossil Everett Men's Automatic Watch with Mechanical Movement and Skeleton Dial, Price: 270., Image URL: https://m.media-amazon.com/images/I/718lwi0xfhL._AC_UL320_.jpg
2024-10-16 02:56:06,119 - INFO - Watch data inserted successfully with ID: 223
2024-10-16 02:56:06,121 - ERROR - Error inserting watch data: local variable 'rating_element' referenced before assignment
2024-10-16 02:56:06,123 - INFO - Title: Fossil Neutra Men's Automatic Watch with Mechanical Movement and Skeleton Dial, Price: 260., Image URL: https://m.media-amazon.com/images/I/718oG0y5SdL._AC_UL320_.jpg
2024-10-16 02:56:06,124 - INFO - Watch data inserted successfully with ID: 224
2024-10-16 02:56:06,126 - ERROR - Error inserting watch data: local variable 'rating_element' referenced before assignment
2024-10-16 02:56:06,127 - INFO - Title: Fossil Defender Men's Solar-Powered Stainless Steel Watch, Price: 136., Image URL: https://m.media-amazon.com/images/I/61rPEH8CitL._AC_UL320_.jpg
2024-10-16 02:56:06,128 - INFO - Watch data inserted successfully with ID: 225
2024-10-16 02:56:06,130 - ERROR - Error inserting watch data: local variable 'rating_element' referenced before assignment
2024-10-16 02:56:06,132 - INFO - Title: Fossil Stainless Steel Interchangeable Watch Band Strap, Price: 35., Image URL: https://m.media-amazon.com/images/I/71cjUkMVoNL._AC_UL320_.jpg
2024-10-16 02:56:06,133 - INFO - Watch data inserted successfully with ID: 226
2024-10-16 02:56:06,135 - ERROR - Error inserting watch data: local variable 'rating_element' referenced before assignment
2024-10-16 02:56:06,138 - INFO - Title: Fossil Inscription Men's Watch with Square Case and Stainless Steel, Silicone or Leather Band, Price: 117., Image URL: https://m.media-amazon.com/images/I/71K2Mdb8pFL._AC_UL320_.jpg
2024-10-16 02:56:06,139 - INFO - Watch data inserted successfully with ID: 227
2024-10-16 02:56:06,141 - ERROR - Error inserting watch data: local variable 'rating_element' referenced before assignment
2024-10-16 02:56:06,143 - INFO - Title: Fossil Men's Gen 6 44mm Stainless Steel and Cork Touchscreen Smart Watch, Stainless steel, Color: Black, Camo (Model: FTW4063V), Price: 174., Image URL: https://m.media-amazon.com/images/I/71j0W3Y0YUL._AC_UL320_.jpg
2024-10-16 02:56:06,144 - INFO - Watch data inserted successfully with ID: 228
2024-10-16 02:56:06,146 - ERROR - Error inserting watch data: local variable 'rating_element' referenced before assignment
2024-10-16 02:56:06,149 - INFO - Title: Fossil Silicone or Leather Interchangeable Watch Band Strap with Stainless Steel Buckle Closure, Price: 30., Image URL: https://m.media-amazon.com/images/I/61r-ZBUoWML._AC_UL320_.jpg
2024-10-16 02:56:06,150 - INFO - Watch data inserted successfully with ID: 229
2024-10-16 02:56:06,152 - ERROR - Error inserting watch data: local variable 'rating_element' referenced before assignment
2024-10-16 02:56:06,154 - INFO - Title: Fossil Smart Watch Rapid Charger - Gen 6 Touchscreen, Gen 6 Wellness Edition Touchscreen Smart Watch Charger, Color: White (Model: FTW0006), Price: 14., Image URL: https://m.media-amazon.com/images/I/615W3r1V2XL._AC_UL320_.jpg
2024-10-16 02:56:06,155 - INFO - Watch data inserted successfully with ID: 230
2024-10-16 02:56:06,157 - ERROR - Error inserting watch data: local variable 'rating_element' referenced before assignment
2024-10-16 02:56:06,159 - INFO - Title: Fossil Men's Everett Automatic Silver Stainless Steel and Brown Leather Band Watch (Model: ME3261), Price: 250., Image URL: https://m.media-amazon.com/images/I/71QQ2CVuxPL._AC_UL320_.jpg
2024-10-16 02:56:06,160 - INFO - Watch data inserted successfully with ID: 231
2024-10-16 02:56:06,161 - ERROR - Error inserting watch data: local variable 'rating_element' referenced before assignment
2024-10-16 02:56:06,163 - INFO - Title: Fossil Watch Band for Apple Watch, Band for 42/44/45/49mm Apple Watch - Straps for Apple Watch Series 8/7/6/5/4/3/2/1/SE, Price: 45., Image URL: https://m.media-amazon.com/images/I/71mc3hWfyjL._AC_UL320_.jpg
2024-10-16 02:56:06,164 - INFO - Watch data inserted successfully with ID: 232
2024-10-16 02:56:06,166 - ERROR - Error inserting watch data: local variable 'rating_element' referenced before assignment
2024-10-16 02:56:06,168 - INFO - Title: Fossil Men's Heritage Automatic Silver Stainless Steel Bracelet Watch (Model: ME3262), Price: 206., Image URL: https://m.media-amazon.com/images/I/71DG7DxAghL._AC_UL320_.jpg
2024-10-16 02:56:06,169 - INFO - Watch data inserted successfully with ID: 233
2024-10-16 02:56:06,170 - ERROR - Error inserting watch data: local variable 'rating_element' referenced before assignment
2024-10-16 02:56:06,172 - INFO - Title: Fossil Men's Everett Solar-Powered Stainless Steel Digital Watch, Price: 131., Image URL: https://m.media-amazon.com/images/I/510p7h+bCHL._AC_UL320_.jpg
2024-10-16 02:56:06,173 - INFO - Watch data inserted successfully with ID: 234
2024-10-16 02:56:06,176 - ERROR - Error inserting watch data: local variable 'rating_element' referenced before assignment
2024-10-16 02:56:06,178 - INFO - Title: Fossil Men's Heritage Automatic Silver Stainless Steel and Brown Leather Band Watch (Model: ME3263), Price: 280., Image URL: https://m.media-amazon.com/images/I/71TpGW3LeqL._AC_UL320_.jpg
2024-10-16 02:56:06,178 - INFO - Watch data inserted successfully with ID: 235
2024-10-16 02:56:06,179 - ERROR - Error inserting watch data: local variable 'rating_element' referenced before assignment
2024-10-16 02:56:06,182 - INFO - Title: Fossil Men's Heritage Automatic Silver Stainless Steel and Brown Leather Band Watch (Model: ME3264), Price: 280., Image URL: https://m.media-amazon.com/images/I/711-slRbn8L._AC_UL320_.jpg
2024-10-16 02:56:06,183 - INFO - Watch data inserted successfully with ID: 236
2024-10-16 02:56:06,184 - ERROR - Error inserting watch data: local variable 'rating_element' referenced before assignment
2024-10-16 02:56:06,186 - INFO - Title: 48mm Flynn Automatic Gunmetal Stainless Steel Watch, Price: Unavailable, Image URL: https://m.media-amazon.com/images/I/81bFXWeuKVL._AC_UL320_.jpg
2024-10-16 02:56:06,187 - INFO - Watch data inserted successfully with ID: 237
2024-10-16 02:56:06,187 - ERROR - Error inserting watch data: local variable 'rating_element' referenced before assignment
2024-10-16 02:56:06,189 - INFO - Title: Unknown, Price: Unavailable, Image URL: N/A
2024-10-16 02:56:06,190 - INFO - Watch data inserted successfully with ID: 238
2024-10-16 02:56:06,190 - ERROR - Error inserting watch data: local variable 'rating_element' referenced before assignment
2024-10-16 03:08:38,364 - INFO - Title: Unknown, Price: Unavailable, Image URL: N/A
2024-10-16 03:08:38,370 - INFO - Watch data inserted successfully with ID: 239
2024-10-16 03:08:38,375 - INFO - Title: Fossil Nate Men's Watch with Oversized Chronograph Watch Dial and Stainless Steel or Leather Band, Price: 90., Image URL: https://m.media-amazon.com/images/I/71B-vrIIA3L._AC_UL320_.jpg
2024-10-16 03:08:38,376 - INFO - Watch data inserted successfully with ID: 240
2024-10-16 03:08:38,383 - INFO - Title: Fossil Grant Men's Watch with Chronograph or Automatic Display and Genuine Leather or Stainless Steel Band, Price: 80., Image URL: https://m.media-amazon.com/images/I/818lBoWqXtL._AC_UL320_.jpg
2024-10-16 03:08:38,386 - INFO - Watch data inserted successfully with ID: 241
2024-10-16 03:08:38,393 - INFO - Title: Fossil Men's Coachman Quartz Stainless Steel and Leather Chronograph Watch, Color: Silver, Brown (Model: CH2891), Price: 101., Image URL: https://m.media-amazon.com/images/I/71taSx89wUL._AC_UL320_.jpg
2024-10-16 03:08:38,394 - INFO - Watch data inserted successfully with ID: 242
2024-10-16 03:08:38,401 - INFO - Title: Fossil Dean Men's Dress Watch with Chronograph Display and Stainless Steel Bracelet Band, Price: 90., Image URL: https://m.media-amazon.com/images/I/71QoSMBhfVL._AC_UL320_.jpg
2024-10-16 03:08:38,404 - INFO - Watch data inserted successfully with ID: 243
2024-10-16 03:08:38,411 - INFO - Title: Fossil Coachman Men's Watch with Genuine Leather Bracelet Cuff, Price: 95., Image URL: https://m.media-amazon.com/images/I/71MlmOso55L._AC_UL320_.jpg
2024-10-16 03:08:38,413 - INFO - Watch data inserted successfully with ID: 244
2024-10-16 03:08:38,423 - INFO - Title: Fossil Men's Gen 6 44mm Stainless Steel and Silicone Touchscreen Smart Watch, Color: Black (Model: FTW4061V), Price: 148., Image URL: https://m.media-amazon.com/images/I/71DP0v5VqhL._AC_UL320_.jpg
2024-10-16 03:08:38,424 - INFO - Watch data inserted successfully with ID: 245
2024-10-16 03:08:38,435 - INFO - Title: Fossil Everett Men's Watch with Stainless Steel or Leather Band, Price: 112., Image URL: https://m.media-amazon.com/images/I/71E55PTUpaL._AC_UL320_.jpg
2024-10-16 03:08:38,437 - INFO - Watch data inserted successfully with ID: 246
2024-10-16 03:08:38,447 - INFO - Title: Fossil Copeland Men's Watch with Slim Case and Genuine Leather Band, Price: 93., Image URL: https://m.media-amazon.com/images/I/71aI-8Qfb7L._AC_UL320_.jpg
2024-10-16 03:08:38,449 - INFO - Watch data inserted successfully with ID: 247
2024-10-16 03:08:38,457 - INFO - Title: Fossil Machine Men's Watch with Stainless Steel or Leather Band, Chronograph or Analog Watch Display, Price: 126., Image URL: https://m.media-amazon.com/images/I/81q-emU4uFS._AC_UL320_.jpg
2024-10-16 03:08:38,459 - INFO - Watch data inserted successfully with ID: 248
2024-10-16 03:08:38,464 - INFO - Title: Fossil Townsman Men's Automatic Watch with Mechanical Movement and Skeleton Dial, Price: 168., Image URL: https://m.media-amazon.com/images/I/711Fz-mfHfL._AC_UL320_.jpg
2024-10-16 03:08:38,468 - INFO - Watch data inserted successfully with ID: 249
2024-10-16 03:08:38,478 - INFO - Title: Fossil Minimalist Men's Watch with Leather or Stainless Steel Band, Chronograph or Analog Watch Display with Slim Case Design, Price: 91., Image URL: https://m.media-amazon.com/images/I/71Gofe+KvnL._AC_UL320_.jpg
2024-10-16 03:08:38,480 - INFO - Watch data inserted successfully with ID: 250
2024-10-16 03:08:38,493 - INFO - Title: Fossil Women's Gen 6 42mm Stainless Steel Touchscreen Smart Watch, Color: Rose Gold, Gunmetal (Model: FTW6078V), Price: 158., Image URL: https://m.media-amazon.com/images/I/71vn7fm3j4L._AC_UL320_.jpg
2024-10-16 03:08:38,495 - INFO - Watch data inserted successfully with ID: 251
2024-10-16 03:08:38,509 - INFO - Title: Fossil Townsman Men's Watch with Chronograph Display and Genuine Leather Band, Price: 120., Image URL: https://m.media-amazon.com/images/I/71ZhyLfIdgL._AC_UL320_.jpg
2024-10-16 03:08:38,511 - INFO - Watch data inserted successfully with ID: 252
2024-10-16 03:08:38,520 - INFO - Title: Fossil Carraway Men's Watch with Stainless Steel or Leather Band, Dress Watch for Men, Price: 170., Image URL: https://m.media-amazon.com/images/I/61vOj7I4ycL._AC_UL320_.jpg
2024-10-16 03:08:38,522 - INFO - Watch data inserted successfully with ID: 253
2024-10-16 03:08:38,529 - INFO - Title: Fossil Neutra Men's Chronograph Watch with Stainless Steel Bracelet or Genuine Leather Band, Price: 107., Image URL: https://m.media-amazon.com/images/I/71XYBo0llVL._AC_UL320_.jpg
2024-10-16 03:08:38,531 - INFO - Watch data inserted successfully with ID: 254
2024-10-16 03:08:38,539 - INFO - Title: Fossil Men's Sports Watch with Stainless Steel, Silicone, or Leather Band, Price: 195., Image URL: https://m.media-amazon.com/images/I/71jUDJjHBBL._AC_UL320_.jpg
2024-10-16 03:08:38,540 - INFO - Watch data inserted successfully with ID: 255
2024-10-16 03:08:38,545 - INFO - Title: Fossil Bronson Men's Watch with Stainless Steel Bracelet or Genuine Leather Band, Chronograph or Three-Hand Analog Display, Price: 100., Image URL: https://m.media-amazon.com/images/I/81DAO+21SuL._AC_UL320_.jpg
2024-10-16 03:08:38,547 - INFO - Watch data inserted successfully with ID: 256
2024-10-16 03:08:38,553 - INFO - Title: Fossil Everett Men's Automatic Watch with Mechanical Movement and Skeleton Dial, Price: 270., Image URL: https://m.media-amazon.com/images/I/718lwi0xfhL._AC_UL320_.jpg
2024-10-16 03:08:38,555 - INFO - Watch data inserted successfully with ID: 257
2024-10-16 03:08:38,559 - INFO - Title: Fossil Neutra Men's Automatic Watch with Mechanical Movement and Skeleton Dial, Price: 260., Image URL: https://m.media-amazon.com/images/I/718oG0y5SdL._AC_UL320_.jpg
2024-10-16 03:08:38,562 - INFO - Watch data inserted successfully with ID: 258
2024-10-16 03:08:38,570 - INFO - Title: Fossil Defender Men's Solar-Powered Stainless Steel Watch, Price: 136., Image URL: https://m.media-amazon.com/images/I/61rPEH8CitL._AC_UL320_.jpg
2024-10-16 03:08:38,572 - INFO - Watch data inserted successfully with ID: 259
2024-10-16 03:08:38,578 - INFO - Title: Fossil Stainless Steel Interchangeable Watch Band Strap, Price: 35., Image URL: https://m.media-amazon.com/images/I/71cjUkMVoNL._AC_UL320_.jpg
2024-10-16 03:08:38,580 - INFO - Watch data inserted successfully with ID: 260
2024-10-16 03:08:38,588 - INFO - Title: Fossil Inscription Men's Watch with Square Case and Stainless Steel, Silicone or Leather Band, Price: 117., Image URL: https://m.media-amazon.com/images/I/71K2Mdb8pFL._AC_UL320_.jpg
2024-10-16 03:08:38,590 - INFO - Watch data inserted successfully with ID: 261
2024-10-16 03:08:38,597 - INFO - Title: Fossil Men's Gen 6 44mm Stainless Steel and Cork Touchscreen Smart Watch, Stainless steel, Color: Black, Camo (Model: FTW4063V), Price: 174., Image URL: https://m.media-amazon.com/images/I/71j0W3Y0YUL._AC_UL320_.jpg
2024-10-16 03:08:38,598 - INFO - Watch data inserted successfully with ID: 262
2024-10-16 03:08:38,607 - INFO - Title: Fossil Silicone or Leather Interchangeable Watch Band Strap with Stainless Steel Buckle Closure, Price: 30., Image URL: https://m.media-amazon.com/images/I/61r-ZBUoWML._AC_UL320_.jpg
2024-10-16 03:08:38,608 - INFO - Watch data inserted successfully with ID: 263
2024-10-16 03:08:38,616 - INFO - Title: Fossil Smart Watch Rapid Charger - Gen 6 Touchscreen, Gen 6 Wellness Edition Touchscreen Smart Watch Charger, Color: White (Model: FTW0006), Price: 14., Image URL: https://m.media-amazon.com/images/I/615W3r1V2XL._AC_UL320_.jpg
2024-10-16 03:08:38,618 - INFO - Watch data inserted successfully with ID: 264
2024-10-16 03:08:38,624 - INFO - Title: Fossil Men's Everett Automatic Silver Stainless Steel and Brown Leather Band Watch (Model: ME3261), Price: 250., Image URL: https://m.media-amazon.com/images/I/71QQ2CVuxPL._AC_UL320_.jpg
2024-10-16 03:08:38,625 - INFO - Watch data inserted successfully with ID: 265
2024-10-16 03:08:38,630 - INFO - Title: Fossil Watch Band for Apple Watch, Band for 42/44/45/49mm Apple Watch - Straps for Apple Watch Series 8/7/6/5/4/3/2/1/SE, Price: 45., Image URL: https://m.media-amazon.com/images/I/71mc3hWfyjL._AC_UL320_.jpg
2024-10-16 03:08:38,631 - INFO - Watch data inserted successfully with ID: 266
2024-10-16 03:08:38,638 - INFO - Title: Fossil Men's Heritage Automatic Silver Stainless Steel Bracelet Watch (Model: ME3262), Price: 206., Image URL: https://m.media-amazon.com/images/I/71DG7DxAghL._AC_UL320_.jpg
2024-10-16 03:08:38,641 - INFO - Watch data inserted successfully with ID: 267
2024-10-16 03:08:38,645 - INFO - Title: Fossil Men's Everett Solar-Powered Stainless Steel Digital Watch, Price: 131., Image URL: https://m.media-amazon.com/images/I/510p7h+bCHL._AC_UL320_.jpg
2024-10-16 03:08:38,647 - INFO - Watch data inserted successfully with ID: 268
2024-10-16 03:08:38,653 - INFO - Title: Fossil Men's Heritage Automatic Silver Stainless Steel and Brown Leather Band Watch (Model: ME3263), Price: 280., Image URL: https://m.media-amazon.com/images/I/71TpGW3LeqL._AC_UL320_.jpg
2024-10-16 03:08:38,655 - INFO - Watch data inserted successfully with ID: 269
2024-10-16 03:08:38,659 - INFO - Title: Fossil Men's Heritage Automatic Silver Stainless Steel and Brown Leather Band Watch (Model: ME3264), Price: 280., Image URL: https://m.media-amazon.com/images/I/711-slRbn8L._AC_UL320_.jpg
2024-10-16 03:08:38,660 - INFO - Watch data inserted successfully with ID: 270
2024-10-16 03:08:38,664 - INFO - Title: 48mm Flynn Automatic Gunmetal Stainless Steel Watch, Price: Unavailable, Image URL: https://m.media-amazon.com/images/I/81bFXWeuKVL._AC_UL320_.jpg
2024-10-16 03:08:38,666 - INFO - Watch data inserted successfully with ID: 271
2024-10-16 03:08:38,670 - INFO - Title: Unknown, Price: Unavailable, Image URL: N/A
2024-10-16 03:08:38,672 - INFO - Watch data inserted successfully with ID: 272
